2014/10/21 13:38:20 INFO  - jmeter.util.JMeterUtils: Setting Locale to zh_CN 
2014/10/21 13:38:20 INFO  - jmeter.JMeter: Loading user properties from: D:\apache-jmeter-2.9\bin\user.properties 
2014/10/21 13:38:20 INFO  - jmeter.JMeter: Loading system properties from: D:\apache-jmeter-2.9\bin\system.properties 
2014/10/21 13:38:20 INFO  - jmeter.JMeter: Copyright (c) 1998-2013 The Apache Software Foundation 
2014/10/21 13:38:20 INFO  - jmeter.JMeter: Version 2.9 r1437961 
2014/10/21 13:38:20 INFO  - jmeter.JMeter: java.version=1.8.0_20 
2014/10/21 13:38:20 INFO  - jmeter.JMeter: java.vm.name=Java HotSpot(TM) 64-Bit Server VM 
2014/10/21 13:38:20 INFO  - jmeter.JMeter: os.name=Windows 7 
2014/10/21 13:38:20 INFO  - jmeter.JMeter: os.arch=amd64 
2014/10/21 13:38:20 INFO  - jmeter.JMeter: os.version=6.1 
2014/10/21 13:38:20 INFO  - jmeter.JMeter: file.encoding=GBK 
2014/10/21 13:38:20 INFO  - jmeter.JMeter: Default Locale=中文 (中国) 
2014/10/21 13:38:20 INFO  - jmeter.JMeter: JMeter  Locale=中文 (中国) 
2014/10/21 13:38:20 INFO  - jmeter.JMeter: JMeterHome=D:\apache-jmeter-2.9 
2014/10/21 13:38:20 INFO  - jmeter.JMeter: user.dir  =D:\share\Code\Trunk\APITest 
2014/10/21 13:38:20 INFO  - jmeter.JMeter: PWD       =D:\share\Code\Trunk\APITest 
2014/10/21 13:38:20 INFO  - jmeter.JMeter: IP: 192.168.190.90 Name: jiajili-PC FullName: 192.168.190.90 
2014/10/21 13:38:20 INFO  - jmeter.JMeter: Loaded icon properties from org/apache/jmeter/images/icon.properties 
2014/10/21 13:38:21 INFO  - jmeter.engine.util.CompoundVariable: Note: Function class names must contain the string: '.functions.' 
2014/10/21 13:38:21 INFO  - jmeter.engine.util.CompoundVariable: Note: Function class names must not contain the string: '.gui.' 
2014/10/21 13:38:21 INFO  - jmeter.gui.action.LookAndFeelCommand: Using look and feel: javax.swing.plaf.metal.MetalLookAndFeel [Metal, CrossPlatform] 
2014/10/21 13:38:22 INFO  - jmeter.util.BSFTestElement: Registering JMeter version of JavaScript engine as work-round for BSF-22 
2014/10/21 13:38:22 INFO  - jmeter.protocol.http.sampler.HTTPSamplerBase: Cannot find .className property for htmlParser, using default 
2014/10/21 13:38:22 INFO  - jmeter.protocol.http.sampler.HTTPSamplerBase: Parser for text/html is  
2014/10/21 13:38:22 INFO  - jmeter.protocol.http.sampler.HTTPSamplerBase: Parser for application/xhtml+xml is  
2014/10/21 13:38:22 INFO  - jmeter.protocol.http.sampler.HTTPSamplerBase: Parser for application/xml is  
2014/10/21 13:38:22 INFO  - jmeter.protocol.http.sampler.HTTPSamplerBase: Parser for text/xml is  
2014/10/21 13:38:22 INFO  - jmeter.protocol.http.sampler.HTTPSamplerBase: Parser for text/vnd.wap.wml is org.apache.jmeter.protocol.http.parser.RegexpHTMLParser 
2014/10/21 13:38:22 INFO  - jmeter.protocol.http.sampler.HTTPSamplerBase: Reuse SSL session context on subsequent iterations: true 
2014/10/21 13:38:23 INFO  - jmeter.samplers.SampleResult: Note: Sample TimeStamps are START times 
2014/10/21 13:38:23 INFO  - jmeter.samplers.SampleResult: sampleresult.default.encoding is set to ISO-8859-1 
2014/10/21 13:38:23 INFO  - jmeter.samplers.SampleResult: sampleresult.useNanoTime=true 
2014/10/21 13:38:23 INFO  - jmeter.samplers.SampleResult: sampleresult.nanoThreadSleep=5000 
2014/10/21 13:39:53 INFO  - jmeter.services.FileServer: Default base='D:\share\Code\Trunk\APITest' 
2014/10/21 13:39:53 INFO  - jmeter.gui.action.Load: Loading file: D:\apitest\WeiLiao_SERVER.jmx 
2014/10/21 13:39:53 INFO  - jmeter.services.FileServer: Set new base='D:\apitest' 
2014/10/21 13:39:53 INFO  - jmeter.save.SaveService: Testplan (JMX) version: 2.2. Testlog (JTL) version: 2.2 
2014/10/21 13:39:53 INFO  - jmeter.save.SaveService: Using SaveService properties file encoding UTF-8 
2014/10/21 13:39:53 INFO  - jmeter.save.SaveService: Using SaveService properties file version 1427507 
2014/10/21 13:39:53 INFO  - jmeter.save.SaveService: Using SaveService properties version 2.4 
2014/10/21 13:39:53 INFO  - jmeter.save.SaveService: All converter versions present and correct 
2014/10/21 13:39:54 INFO  - jmeter.services.FileServer: Set new base='D:\apitest' 
2014/10/21 13:43:08 INFO  - jmeter.engine.StandardJMeterEngine: Listeners will be started after enabling running version 
2014/10/21 13:43:08 INFO  - jmeter.engine.StandardJMeterEngine: To revert to the earlier behaviour, define jmeterengine.startlistenerslater=false 
2014/10/21 13:43:08 INFO  - jmeter.engine.StandardJMeterEngine: Running the test! 
2014/10/21 13:43:08 INFO  - jmeter.gui.util.JMeterMenuBar: setRunning(true,*local*) 
2014/10/21 13:43:08 INFO  - jmeter.engine.StandardJMeterEngine: Starting ThreadGroup: 1 : WeiLiao_SERVER 
2014/10/21 13:43:08 INFO  - jmeter.engine.StandardJMeterEngine: Starting 1 threads for group WeiLiao_SERVER. 
2014/10/21 13:43:08 INFO  - jmeter.engine.StandardJMeterEngine: Thread will continue on error 
2014/10/21 13:43:08 INFO  - jmeter.threads.ThreadGroup: Starting thread group number 1 threads 1 ramp-up 1 perThread 1000.0 delayedStart=false 
2014/10/21 13:43:08 INFO  - jmeter.threads.JMeterThread: jmeterthread.startearlier=true (see jmeter.properties) 
2014/10/21 13:43:08 INFO  - jmeter.threads.JMeterThread: Running PostProcessors in forward order 
2014/10/21 13:43:08 INFO  - jmeter.threads.ThreadGroup: Started thread group number 1 
2014/10/21 13:43:08 INFO  - jmeter.engine.StandardJMeterEngine: All thread groups have been started 
2014/10/21 13:43:08 INFO  - jmeter.threads.JMeterThread: Thread started: WeiLiao_SERVER 1-1 
2014/10/21 13:43:08 INFO  - jmeter.protocol.http.sampler.HTTPJavaImpl: Maximum connection retries = 10 
2014/10/21 13:43:08 INFO  - jmeter.threads.JMeterThread: Thread finished: WeiLiao_SERVER 1-1 
2014/10/21 13:43:08 INFO  - jmeter.engine.StandardJMeterEngine: Notifying test listeners of end of test 
2014/10/21 13:43:08 INFO  - jmeter.gui.util.JMeterMenuBar: setRunning(false,*local*) 
2014/10/21 13:43:27 INFO  - jmeter.engine.StandardJMeterEngine: Running the test! 
2014/10/21 13:43:27 INFO  - jmeter.gui.util.JMeterMenuBar: setRunning(true,*local*) 
2014/10/21 13:43:27 INFO  - jmeter.engine.StandardJMeterEngine: Starting ThreadGroup: 1 : WeiLiao_SERVER 
2014/10/21 13:43:27 INFO  - jmeter.engine.StandardJMeterEngine: Starting 1 threads for group WeiLiao_SERVER. 
2014/10/21 13:43:27 INFO  - jmeter.engine.StandardJMeterEngine: Thread will continue on error 
2014/10/21 13:43:27 INFO  - jmeter.threads.ThreadGroup: Starting thread group number 1 threads 1 ramp-up 1 perThread 1000.0 delayedStart=false 
2014/10/21 13:43:27 INFO  - jmeter.threads.ThreadGroup: Started thread group number 1 
2014/10/21 13:43:27 INFO  - jmeter.engine.StandardJMeterEngine: All thread groups have been started 
2014/10/21 13:43:27 INFO  - jmeter.threads.JMeterThread: Thread started: WeiLiao_SERVER 1-1 
2014/10/21 13:43:27 INFO  - jmeter.threads.JMeterThread: Thread finished: WeiLiao_SERVER 1-1 
2014/10/21 13:43:27 INFO  - jmeter.engine.StandardJMeterEngine: Notifying test listeners of end of test 
2014/10/21 13:43:27 INFO  - jmeter.gui.util.JMeterMenuBar: setRunning(false,*local*) 
2014/10/21 13:50:46 INFO  - jmeter.engine.StandardJMeterEngine: Running the test! 
2014/10/21 13:50:46 INFO  - jmeter.gui.util.JMeterMenuBar: setRunning(true,*local*) 
2014/10/21 13:50:46 INFO  - jmeter.engine.StandardJMeterEngine: Starting ThreadGroup: 1 : WeiLiao_SERVER 
2014/10/21 13:50:46 INFO  - jmeter.engine.StandardJMeterEngine: Starting 1 threads for group WeiLiao_SERVER. 
2014/10/21 13:50:46 INFO  - jmeter.engine.StandardJMeterEngine: Thread will continue on error 
2014/10/21 13:50:46 INFO  - jmeter.threads.ThreadGroup: Starting thread group number 1 threads 1 ramp-up 1 perThread 1000.0 delayedStart=false 
2014/10/21 13:50:46 INFO  - jmeter.threads.ThreadGroup: Started thread group number 1 
2014/10/21 13:50:46 INFO  - jmeter.engine.StandardJMeterEngine: All thread groups have been started 
2014/10/21 13:50:46 INFO  - jmeter.threads.JMeterThread: Thread started: WeiLiao_SERVER 1-1 
2014/10/21 13:50:47 INFO  - jmeter.threads.JMeterThread: Thread finished: WeiLiao_SERVER 1-1 
2014/10/21 13:50:47 INFO  - jmeter.engine.StandardJMeterEngine: Notifying test listeners of end of test 
2014/10/21 13:50:47 INFO  - jmeter.gui.util.JMeterMenuBar: setRunning(false,*local*) 
2014/10/21 13:55:25 INFO  - jmeter.engine.StandardJMeterEngine: Running the test! 
2014/10/21 13:55:25 INFO  - jmeter.gui.util.JMeterMenuBar: setRunning(true,*local*) 
2014/10/21 13:55:25 INFO  - jmeter.engine.StandardJMeterEngine: Starting ThreadGroup: 1 : WeiLiao_SERVER 
2014/10/21 13:55:25 INFO  - jmeter.engine.StandardJMeterEngine: Starting 1 threads for group WeiLiao_SERVER. 
2014/10/21 13:55:25 INFO  - jmeter.engine.StandardJMeterEngine: Thread will continue on error 
2014/10/21 13:55:25 INFO  - jmeter.threads.ThreadGroup: Starting thread group number 1 threads 1 ramp-up 1 perThread 1000.0 delayedStart=false 
2014/10/21 13:55:25 INFO  - jmeter.threads.ThreadGroup: Started thread group number 1 
2014/10/21 13:55:25 INFO  - jmeter.engine.StandardJMeterEngine: All thread groups have been started 
2014/10/21 13:55:25 INFO  - jmeter.threads.JMeterThread: Thread started: WeiLiao_SERVER 1-1 
2014/10/21 13:55:25 INFO  - jmeter.threads.JMeterThread: Thread finished: WeiLiao_SERVER 1-1 
2014/10/21 13:55:25 INFO  - jmeter.engine.StandardJMeterEngine: Notifying test listeners of end of test 
2014/10/21 13:55:25 INFO  - jmeter.gui.util.JMeterMenuBar: setRunning(false,*local*) 
2014/10/21 13:56:16 INFO  - jmeter.engine.StandardJMeterEngine: Running the test! 
2014/10/21 13:56:16 INFO  - jmeter.gui.util.JMeterMenuBar: setRunning(true,*local*) 
2014/10/21 13:56:16 INFO  - jmeter.engine.StandardJMeterEngine: Starting ThreadGroup: 1 : WeiLiao_SERVER 
2014/10/21 13:56:16 INFO  - jmeter.engine.StandardJMeterEngine: Starting 1 threads for group WeiLiao_SERVER. 
2014/10/21 13:56:16 INFO  - jmeter.engine.StandardJMeterEngine: Thread will continue on error 
2014/10/21 13:56:16 INFO  - jmeter.threads.ThreadGroup: Starting thread group number 1 threads 1 ramp-up 1 perThread 1000.0 delayedStart=false 
2014/10/21 13:56:16 INFO  - jmeter.threads.ThreadGroup: Started thread group number 1 
2014/10/21 13:56:16 INFO  - jmeter.engine.StandardJMeterEngine: All thread groups have been started 
2014/10/21 13:56:16 INFO  - jmeter.threads.JMeterThread: Thread started: WeiLiao_SERVER 1-1 
2014/10/21 13:56:16 INFO  - jmeter.threads.JMeterThread: Thread finished: WeiLiao_SERVER 1-1 
2014/10/21 13:56:16 INFO  - jmeter.engine.StandardJMeterEngine: Notifying test listeners of end of test 
2014/10/21 13:56:16 INFO  - jmeter.gui.util.JMeterMenuBar: setRunning(false,*local*) 
2014/10/21 13:56:56 INFO  - jmeter.engine.StandardJMeterEngine: Running the test! 
2014/10/21 13:56:56 INFO  - jmeter.gui.util.JMeterMenuBar: setRunning(true,*local*) 
2014/10/21 13:56:57 INFO  - jmeter.engine.StandardJMeterEngine: Starting ThreadGroup: 1 : WeiLiao_SERVER 
2014/10/21 13:56:57 INFO  - jmeter.engine.StandardJMeterEngine: Starting 1 threads for group WeiLiao_SERVER. 
2014/10/21 13:56:57 INFO  - jmeter.engine.StandardJMeterEngine: Thread will continue on error 
2014/10/21 13:56:57 INFO  - jmeter.threads.ThreadGroup: Starting thread group number 1 threads 1 ramp-up 1 perThread 1000.0 delayedStart=false 
2014/10/21 13:56:57 INFO  - jmeter.threads.ThreadGroup: Started thread group number 1 
2014/10/21 13:56:57 INFO  - jmeter.engine.StandardJMeterEngine: All thread groups have been started 
2014/10/21 13:56:57 INFO  - jmeter.threads.JMeterThread: Thread started: WeiLiao_SERVER 1-1 
2014/10/21 13:56:57 INFO  - jmeter.threads.JMeterThread: Thread finished: WeiLiao_SERVER 1-1 
2014/10/21 13:56:57 INFO  - jmeter.engine.StandardJMeterEngine: Notifying test listeners of end of test 
2014/10/21 13:56:57 INFO  - jmeter.gui.util.JMeterMenuBar: setRunning(false,*local*) 
2014/10/21 13:57:43 INFO  - jmeter.engine.StandardJMeterEngine: Running the test! 
2014/10/21 13:57:43 INFO  - jmeter.gui.util.JMeterMenuBar: setRunning(true,*local*) 
2014/10/21 13:57:44 INFO  - jmeter.engine.StandardJMeterEngine: Starting ThreadGroup: 1 : WeiLiao_SERVER 
2014/10/21 13:57:44 INFO  - jmeter.engine.StandardJMeterEngine: Starting 1 threads for group WeiLiao_SERVER. 
2014/10/21 13:57:44 INFO  - jmeter.engine.StandardJMeterEngine: Thread will continue on error 
2014/10/21 13:57:44 INFO  - jmeter.threads.ThreadGroup: Starting thread group number 1 threads 1 ramp-up 1 perThread 1000.0 delayedStart=false 
2014/10/21 13:57:44 INFO  - jmeter.threads.ThreadGroup: Started thread group number 1 
2014/10/21 13:57:44 INFO  - jmeter.engine.StandardJMeterEngine: All thread groups have been started 
2014/10/21 13:57:44 INFO  - jmeter.threads.JMeterThread: Thread started: WeiLiao_SERVER 1-1 
2014/10/21 13:57:44 INFO  - jmeter.threads.JMeterThread: Thread finished: WeiLiao_SERVER 1-1 
2014/10/21 13:57:44 INFO  - jmeter.engine.StandardJMeterEngine: Notifying test listeners of end of test 
2014/10/21 13:57:44 INFO  - jmeter.gui.util.JMeterMenuBar: setRunning(false,*local*) 
2014/10/21 13:58:26 INFO  - jmeter.engine.StandardJMeterEngine: Running the test! 
2014/10/21 13:58:26 INFO  - jmeter.gui.util.JMeterMenuBar: setRunning(true,*local*) 
2014/10/21 13:58:26 INFO  - jmeter.engine.StandardJMeterEngine: Starting ThreadGroup: 1 : WeiLiao_SERVER 
2014/10/21 13:58:26 INFO  - jmeter.engine.StandardJMeterEngine: Starting 1 threads for group WeiLiao_SERVER. 
2014/10/21 13:58:26 INFO  - jmeter.engine.StandardJMeterEngine: Thread will continue on error 
2014/10/21 13:58:26 INFO  - jmeter.threads.ThreadGroup: Starting thread group number 1 threads 1 ramp-up 1 perThread 1000.0 delayedStart=false 
2014/10/21 13:58:26 INFO  - jmeter.threads.ThreadGroup: Started thread group number 1 
2014/10/21 13:58:26 INFO  - jmeter.engine.StandardJMeterEngine: All thread groups have been started 
2014/10/21 13:58:26 INFO  - jmeter.threads.JMeterThread: Thread started: WeiLiao_SERVER 1-1 
2014/10/21 13:58:26 INFO  - jmeter.threads.JMeterThread: Thread finished: WeiLiao_SERVER 1-1 
2014/10/21 13:58:26 INFO  - jmeter.engine.StandardJMeterEngine: Notifying test listeners of end of test 
2014/10/21 13:58:26 INFO  - jmeter.gui.util.JMeterMenuBar: setRunning(false,*local*) 
2014/10/21 13:58:49 INFO  - jmeter.engine.StandardJMeterEngine: Running the test! 
2014/10/21 13:58:49 INFO  - jmeter.gui.util.JMeterMenuBar: setRunning(true,*local*) 
2014/10/21 13:58:49 INFO  - jmeter.engine.StandardJMeterEngine: Starting ThreadGroup: 1 : WeiLiao_SERVER 
2014/10/21 13:58:49 INFO  - jmeter.engine.StandardJMeterEngine: Starting 1 threads for group WeiLiao_SERVER. 
2014/10/21 13:58:49 INFO  - jmeter.engine.StandardJMeterEngine: Thread will continue on error 
2014/10/21 13:58:49 INFO  - jmeter.threads.ThreadGroup: Starting thread group number 1 threads 1 ramp-up 1 perThread 1000.0 delayedStart=false 
2014/10/21 13:58:49 INFO  - jmeter.threads.ThreadGroup: Started thread group number 1 
2014/10/21 13:58:49 INFO  - jmeter.engine.StandardJMeterEngine: All thread groups have been started 
2014/10/21 13:58:49 INFO  - jmeter.threads.JMeterThread: Thread started: WeiLiao_SERVER 1-1 
2014/10/21 13:58:50 INFO  - jmeter.threads.JMeterThread: Thread finished: WeiLiao_SERVER 1-1 
2014/10/21 13:58:50 INFO  - jmeter.engine.StandardJMeterEngine: Notifying test listeners of end of test 
2014/10/21 13:58:50 INFO  - jmeter.gui.util.JMeterMenuBar: setRunning(false,*local*) 
2014/10/21 14:00:14 INFO  - jmeter.engine.StandardJMeterEngine: Running the test! 
2014/10/21 14:00:14 INFO  - jmeter.gui.util.JMeterMenuBar: setRunning(true,*local*) 
2014/10/21 14:00:14 INFO  - jmeter.engine.StandardJMeterEngine: Starting ThreadGroup: 1 : WeiLiao_SERVER 
2014/10/21 14:00:14 INFO  - jmeter.engine.StandardJMeterEngine: Starting 1 threads for group WeiLiao_SERVER. 
2014/10/21 14:00:14 INFO  - jmeter.engine.StandardJMeterEngine: Thread will continue on error 
2014/10/21 14:00:14 INFO  - jmeter.threads.ThreadGroup: Starting thread group number 1 threads 1 ramp-up 1 perThread 1000.0 delayedStart=false 
2014/10/21 14:00:14 INFO  - jmeter.threads.ThreadGroup: Started thread group number 1 
2014/10/21 14:00:14 INFO  - jmeter.engine.StandardJMeterEngine: All thread groups have been started 
2014/10/21 14:00:14 INFO  - jmeter.threads.JMeterThread: Thread started: WeiLiao_SERVER 1-1 
2014/10/21 14:00:15 INFO  - jmeter.threads.JMeterThread: Thread finished: WeiLiao_SERVER 1-1 
2014/10/21 14:00:15 INFO  - jmeter.engine.StandardJMeterEngine: Notifying test listeners of end of test 
2014/10/21 14:00:15 INFO  - jmeter.gui.util.JMeterMenuBar: setRunning(false,*local*) 
2014/10/21 14:00:35 INFO  - jmeter.engine.StandardJMeterEngine: Running the test! 
2014/10/21 14:00:35 INFO  - jmeter.gui.util.JMeterMenuBar: setRunning(true,*local*) 
2014/10/21 14:00:35 INFO  - jmeter.engine.StandardJMeterEngine: Starting ThreadGroup: 1 : WeiLiao_SERVER 
2014/10/21 14:00:35 INFO  - jmeter.engine.StandardJMeterEngine: Starting 1 threads for group WeiLiao_SERVER. 
2014/10/21 14:00:35 INFO  - jmeter.engine.StandardJMeterEngine: Thread will continue on error 
2014/10/21 14:00:35 INFO  - jmeter.threads.ThreadGroup: Starting thread group number 1 threads 1 ramp-up 1 perThread 1000.0 delayedStart=false 
2014/10/21 14:00:35 INFO  - jmeter.threads.ThreadGroup: Started thread group number 1 
2014/10/21 14:00:35 INFO  - jmeter.engine.StandardJMeterEngine: All thread groups have been started 
2014/10/21 14:00:35 INFO  - jmeter.threads.JMeterThread: Thread started: WeiLiao_SERVER 1-1 
2014/10/21 14:00:36 INFO  - jmeter.threads.JMeterThread: Thread finished: WeiLiao_SERVER 1-1 
2014/10/21 14:00:36 INFO  - jmeter.engine.StandardJMeterEngine: Notifying test listeners of end of test 
2014/10/21 14:00:36 INFO  - jmeter.gui.util.JMeterMenuBar: setRunning(false,*local*) 
2014/10/21 14:01:51 INFO  - jmeter.engine.StandardJMeterEngine: Running the test! 
2014/10/21 14:01:51 INFO  - jmeter.gui.util.JMeterMenuBar: setRunning(true,*local*) 
2014/10/21 14:01:51 INFO  - jmeter.engine.StandardJMeterEngine: Starting ThreadGroup: 1 : WeiLiao_SERVER 
2014/10/21 14:01:51 INFO  - jmeter.engine.StandardJMeterEngine: Starting 1 threads for group WeiLiao_SERVER. 
2014/10/21 14:01:51 INFO  - jmeter.engine.StandardJMeterEngine: Thread will continue on error 
2014/10/21 14:01:51 INFO  - jmeter.threads.ThreadGroup: Starting thread group number 1 threads 1 ramp-up 1 perThread 1000.0 delayedStart=false 
2014/10/21 14:01:51 INFO  - jmeter.threads.ThreadGroup: Started thread group number 1 
2014/10/21 14:01:51 INFO  - jmeter.engine.StandardJMeterEngine: All thread groups have been started 
2014/10/21 14:01:51 INFO  - jmeter.threads.JMeterThread: Thread started: WeiLiao_SERVER 1-1 
2014/10/21 14:01:51 INFO  - jmeter.threads.JMeterThread: Thread finished: WeiLiao_SERVER 1-1 
2014/10/21 14:01:51 INFO  - jmeter.engine.StandardJMeterEngine: Notifying test listeners of end of test 
2014/10/21 14:01:51 INFO  - jmeter.gui.util.JMeterMenuBar: setRunning(false,*local*) 
2014/10/21 14:02:28 INFO  - jmeter.engine.StandardJMeterEngine: Running the test! 
2014/10/21 14:02:28 INFO  - jmeter.gui.util.JMeterMenuBar: setRunning(true,*local*) 
2014/10/21 14:02:28 INFO  - jmeter.engine.StandardJMeterEngine: Starting ThreadGroup: 1 : WeiLiao_SERVER 
2014/10/21 14:02:28 INFO  - jmeter.engine.StandardJMeterEngine: Starting 1 threads for group WeiLiao_SERVER. 
2014/10/21 14:02:28 INFO  - jmeter.engine.StandardJMeterEngine: Thread will continue on error 
2014/10/21 14:02:28 INFO  - jmeter.threads.ThreadGroup: Starting thread group number 1 threads 1 ramp-up 1 perThread 1000.0 delayedStart=false 
2014/10/21 14:02:28 INFO  - jmeter.threads.ThreadGroup: Started thread group number 1 
2014/10/21 14:02:28 INFO  - jmeter.engine.StandardJMeterEngine: All thread groups have been started 
2014/10/21 14:02:28 INFO  - jmeter.threads.JMeterThread: Thread started: WeiLiao_SERVER 1-1 
2014/10/21 14:02:28 INFO  - jmeter.threads.JMeterThread: Thread finished: WeiLiao_SERVER 1-1 
2014/10/21 14:02:28 INFO  - jmeter.engine.StandardJMeterEngine: Notifying test listeners of end of test 
2014/10/21 14:02:28 INFO  - jmeter.gui.util.JMeterMenuBar: setRunning(false,*local*) 
2014/10/21 14:02:50 INFO  - jmeter.engine.StandardJMeterEngine: Running the test! 
2014/10/21 14:02:50 INFO  - jmeter.gui.util.JMeterMenuBar: setRunning(true,*local*) 
2014/10/21 14:02:50 INFO  - jmeter.engine.StandardJMeterEngine: Starting ThreadGroup: 1 : WeiLiao_SERVER 
2014/10/21 14:02:50 INFO  - jmeter.engine.StandardJMeterEngine: Starting 1 threads for group WeiLiao_SERVER. 
2014/10/21 14:02:50 INFO  - jmeter.engine.StandardJMeterEngine: Thread will continue on error 
2014/10/21 14:02:50 INFO  - jmeter.threads.ThreadGroup: Starting thread group number 1 threads 1 ramp-up 1 perThread 1000.0 delayedStart=false 
2014/10/21 14:02:50 INFO  - jmeter.threads.ThreadGroup: Started thread group number 1 
2014/10/21 14:02:50 INFO  - jmeter.engine.StandardJMeterEngine: All thread groups have been started 
2014/10/21 14:02:50 INFO  - jmeter.threads.JMeterThread: Thread started: WeiLiao_SERVER 1-1 
2014/10/21 14:02:50 INFO  - jmeter.threads.JMeterThread: Thread finished: WeiLiao_SERVER 1-1 
2014/10/21 14:02:50 INFO  - jmeter.engine.StandardJMeterEngine: Notifying test listeners of end of test 
2014/10/21 14:02:50 INFO  - jmeter.gui.util.JMeterMenuBar: setRunning(false,*local*) 
2014/10/21 14:05:42 INFO  - jmeter.engine.StandardJMeterEngine: Running the test! 
2014/10/21 14:05:42 INFO  - jmeter.gui.util.JMeterMenuBar: setRunning(true,*local*) 
2014/10/21 14:05:42 INFO  - jmeter.engine.StandardJMeterEngine: Starting ThreadGroup: 1 : WeiLiao_SERVER 
2014/10/21 14:05:42 INFO  - jmeter.engine.StandardJMeterEngine: Starting 1 threads for group WeiLiao_SERVER. 
2014/10/21 14:05:42 INFO  - jmeter.engine.StandardJMeterEngine: Thread will continue on error 
2014/10/21 14:05:42 INFO  - jmeter.threads.ThreadGroup: Starting thread group number 1 threads 1 ramp-up 1 perThread 1000.0 delayedStart=false 
2014/10/21 14:05:42 INFO  - jmeter.threads.ThreadGroup: Started thread group number 1 
2014/10/21 14:05:42 INFO  - jmeter.engine.StandardJMeterEngine: All thread groups have been started 
2014/10/21 14:05:42 INFO  - jmeter.threads.JMeterThread: Thread started: WeiLiao_SERVER 1-1 
2014/10/21 14:05:43 INFO  - jmeter.threads.JMeterThread: Thread finished: WeiLiao_SERVER 1-1 
2014/10/21 14:05:43 INFO  - jmeter.engine.StandardJMeterEngine: Notifying test listeners of end of test 
2014/10/21 14:05:43 INFO  - jmeter.gui.util.JMeterMenuBar: setRunning(false,*local*) 
2014/10/21 14:06:56 INFO  - jmeter.engine.StandardJMeterEngine: Running the test! 
2014/10/21 14:06:56 INFO  - jmeter.gui.util.JMeterMenuBar: setRunning(true,*local*) 
2014/10/21 14:06:57 INFO  - jmeter.engine.StandardJMeterEngine: Starting ThreadGroup: 1 : WeiLiao_SERVER 
2014/10/21 14:06:57 INFO  - jmeter.engine.StandardJMeterEngine: Starting 1 threads for group WeiLiao_SERVER. 
2014/10/21 14:06:57 INFO  - jmeter.engine.StandardJMeterEngine: Thread will continue on error 
2014/10/21 14:06:57 INFO  - jmeter.threads.ThreadGroup: Starting thread group number 1 threads 1 ramp-up 1 perThread 1000.0 delayedStart=false 
2014/10/21 14:06:57 INFO  - jmeter.threads.ThreadGroup: Started thread group number 1 
2014/10/21 14:06:57 INFO  - jmeter.engine.StandardJMeterEngine: All thread groups have been started 
2014/10/21 14:06:57 INFO  - jmeter.threads.JMeterThread: Thread started: WeiLiao_SERVER 1-1 
2014/10/21 14:06:57 INFO  - jmeter.threads.JMeterThread: Thread finished: WeiLiao_SERVER 1-1 
2014/10/21 14:06:57 INFO  - jmeter.engine.StandardJMeterEngine: Notifying test listeners of end of test 
2014/10/21 14:06:57 INFO  - jmeter.gui.util.JMeterMenuBar: setRunning(false,*local*) 
2014/10/21 14:11:01 INFO  - jmeter.engine.StandardJMeterEngine: Running the test! 
2014/10/21 14:11:01 INFO  - jmeter.gui.util.JMeterMenuBar: setRunning(true,*local*) 
2014/10/21 14:11:01 INFO  - jmeter.engine.StandardJMeterEngine: Starting ThreadGroup: 1 : WeiLiao_SERVER 
2014/10/21 14:11:01 INFO  - jmeter.engine.StandardJMeterEngine: Starting 1 threads for group WeiLiao_SERVER. 
2014/10/21 14:11:01 INFO  - jmeter.engine.StandardJMeterEngine: Thread will continue on error 
2014/10/21 14:11:01 INFO  - jmeter.threads.ThreadGroup: Starting thread group number 1 threads 1 ramp-up 1 perThread 1000.0 delayedStart=false 
2014/10/21 14:11:01 INFO  - jmeter.threads.ThreadGroup: Started thread group number 1 
2014/10/21 14:11:01 INFO  - jmeter.engine.StandardJMeterEngine: All thread groups have been started 
2014/10/21 14:11:01 INFO  - jmeter.threads.JMeterThread: Thread started: WeiLiao_SERVER 1-1 
2014/10/21 14:11:01 INFO  - jmeter.threads.JMeterThread: Thread finished: WeiLiao_SERVER 1-1 
2014/10/21 14:11:01 INFO  - jmeter.engine.StandardJMeterEngine: Notifying test listeners of end of test 
2014/10/21 14:11:01 INFO  - jmeter.gui.util.JMeterMenuBar: setRunning(false,*local*) 
2014/10/21 14:14:09 INFO  - jmeter.engine.StandardJMeterEngine: Running the test! 
2014/10/21 14:14:09 INFO  - jmeter.gui.util.JMeterMenuBar: setRunning(true,*local*) 
2014/10/21 14:14:09 INFO  - jmeter.engine.StandardJMeterEngine: Starting ThreadGroup: 1 : WeiLiao_SERVER 
2014/10/21 14:14:09 INFO  - jmeter.engine.StandardJMeterEngine: Starting 1 threads for group WeiLiao_SERVER. 
2014/10/21 14:14:09 INFO  - jmeter.engine.StandardJMeterEngine: Thread will continue on error 
2014/10/21 14:14:09 INFO  - jmeter.threads.ThreadGroup: Starting thread group number 1 threads 1 ramp-up 1 perThread 1000.0 delayedStart=false 
2014/10/21 14:14:09 INFO  - jmeter.threads.ThreadGroup: Started thread group number 1 
2014/10/21 14:14:09 INFO  - jmeter.engine.StandardJMeterEngine: All thread groups have been started 
2014/10/21 14:14:09 INFO  - jmeter.threads.JMeterThread: Thread started: WeiLiao_SERVER 1-1 
2014/10/21 14:14:10 INFO  - jmeter.threads.JMeterThread: Thread finished: WeiLiao_SERVER 1-1 
2014/10/21 14:14:10 INFO  - jmeter.engine.StandardJMeterEngine: Notifying test listeners of end of test 
2014/10/21 14:14:10 INFO  - jmeter.gui.util.JMeterMenuBar: setRunning(false,*local*) 
2014/10/21 14:14:50 INFO  - jmeter.engine.StandardJMeterEngine: Running the test! 
2014/10/21 14:14:50 INFO  - jmeter.gui.util.JMeterMenuBar: setRunning(true,*local*) 
2014/10/21 14:14:50 INFO  - jmeter.engine.StandardJMeterEngine: Starting ThreadGroup: 1 : WeiLiao_SERVER 
2014/10/21 14:14:50 INFO  - jmeter.engine.StandardJMeterEngine: Starting 1 threads for group WeiLiao_SERVER. 
2014/10/21 14:14:50 INFO  - jmeter.engine.StandardJMeterEngine: Thread will continue on error 
2014/10/21 14:14:50 INFO  - jmeter.threads.ThreadGroup: Starting thread group number 1 threads 1 ramp-up 1 perThread 1000.0 delayedStart=false 
2014/10/21 14:14:50 INFO  - jmeter.threads.ThreadGroup: Started thread group number 1 
2014/10/21 14:14:50 INFO  - jmeter.engine.StandardJMeterEngine: All thread groups have been started 
2014/10/21 14:14:50 INFO  - jmeter.threads.JMeterThread: Thread started: WeiLiao_SERVER 1-1 
2014/10/21 14:14:50 INFO  - jmeter.threads.JMeterThread: Thread finished: WeiLiao_SERVER 1-1 
2014/10/21 14:14:50 INFO  - jmeter.engine.StandardJMeterEngine: Notifying test listeners of end of test 
2014/10/21 14:14:50 INFO  - jmeter.gui.util.JMeterMenuBar: setRunning(false,*local*) 
2014/10/21 14:31:02 INFO  - jmeter.engine.StandardJMeterEngine: Running the test! 
2014/10/21 14:31:02 INFO  - jmeter.gui.util.JMeterMenuBar: setRunning(true,*local*) 
2014/10/21 14:31:02 INFO  - jmeter.engine.StandardJMeterEngine: Starting ThreadGroup: 1 : WeiLiao_SERVER 
2014/10/21 14:31:02 INFO  - jmeter.engine.StandardJMeterEngine: Starting 1 threads for group WeiLiao_SERVER. 
2014/10/21 14:31:02 INFO  - jmeter.engine.StandardJMeterEngine: Thread will continue on error 
2014/10/21 14:31:02 INFO  - jmeter.threads.ThreadGroup: Starting thread group number 1 threads 1 ramp-up 1 perThread 1000.0 delayedStart=false 
2014/10/21 14:31:02 INFO  - jmeter.threads.ThreadGroup: Started thread group number 1 
2014/10/21 14:31:02 INFO  - jmeter.engine.StandardJMeterEngine: All thread groups have been started 
2014/10/21 14:31:02 INFO  - jmeter.threads.JMeterThread: Thread started: WeiLiao_SERVER 1-1 
2014/10/21 14:31:03 INFO  - jmeter.threads.JMeterThread: Thread finished: WeiLiao_SERVER 1-1 
2014/10/21 14:31:03 INFO  - jmeter.engine.StandardJMeterEngine: Notifying test listeners of end of test 
2014/10/21 14:31:03 INFO  - jmeter.gui.util.JMeterMenuBar: setRunning(false,*local*) 
2014/10/21 15:25:22 INFO  - jmeter.engine.StandardJMeterEngine: Running the test! 
2014/10/21 15:25:22 INFO  - jmeter.gui.util.JMeterMenuBar: setRunning(true,*local*) 
2014/10/21 15:25:22 INFO  - jmeter.engine.StandardJMeterEngine: Starting ThreadGroup: 1 : WeiLiao_SERVER 
2014/10/21 15:25:22 INFO  - jmeter.engine.StandardJMeterEngine: Starting 1 threads for group WeiLiao_SERVER. 
2014/10/21 15:25:22 INFO  - jmeter.engine.StandardJMeterEngine: Thread will continue on error 
2014/10/21 15:25:22 INFO  - jmeter.threads.ThreadGroup: Starting thread group number 1 threads 1 ramp-up 1 perThread 1000.0 delayedStart=false 
2014/10/21 15:25:22 INFO  - jmeter.threads.ThreadGroup: Started thread group number 1 
2014/10/21 15:25:22 INFO  - jmeter.engine.StandardJMeterEngine: All thread groups have been started 
2014/10/21 15:25:22 INFO  - jmeter.threads.JMeterThread: Thread started: WeiLiao_SERVER 1-1 
2014/10/21 15:25:22 INFO  - jmeter.threads.JMeterThread: Thread finished: WeiLiao_SERVER 1-1 
2014/10/21 15:25:22 INFO  - jmeter.engine.StandardJMeterEngine: Notifying test listeners of end of test 
2014/10/21 15:25:22 INFO  - jmeter.gui.util.JMeterMenuBar: setRunning(false,*local*) 
2014/10/21 15:28:24 INFO  - jmeter.engine.StandardJMeterEngine: Running the test! 
2014/10/21 15:28:24 INFO  - jmeter.gui.util.JMeterMenuBar: setRunning(true,*local*) 
2014/10/21 15:28:24 INFO  - jmeter.engine.StandardJMeterEngine: Starting ThreadGroup: 1 : WeiLiao_SERVER 
2014/10/21 15:28:24 INFO  - jmeter.engine.StandardJMeterEngine: Starting 1 threads for group WeiLiao_SERVER. 
2014/10/21 15:28:24 INFO  - jmeter.engine.StandardJMeterEngine: Thread will continue on error 
2014/10/21 15:28:24 INFO  - jmeter.threads.ThreadGroup: Starting thread group number 1 threads 1 ramp-up 1 perThread 1000.0 delayedStart=false 
2014/10/21 15:28:24 INFO  - jmeter.threads.ThreadGroup: Started thread group number 1 
2014/10/21 15:28:24 INFO  - jmeter.engine.StandardJMeterEngine: All thread groups have been started 
2014/10/21 15:28:24 INFO  - jmeter.threads.JMeterThread: Thread started: WeiLiao_SERVER 1-1 
2014/10/21 15:28:24 INFO  - jmeter.threads.JMeterThread: Thread finished: WeiLiao_SERVER 1-1 
2014/10/21 15:28:24 INFO  - jmeter.engine.StandardJMeterEngine: Notifying test listeners of end of test 
2014/10/21 15:28:24 INFO  - jmeter.gui.util.JMeterMenuBar: setRunning(false,*local*) 
2014/10/21 15:28:54 INFO  - jmeter.engine.StandardJMeterEngine: Running the test! 
2014/10/21 15:28:54 INFO  - jmeter.gui.util.JMeterMenuBar: setRunning(true,*local*) 
2014/10/21 15:28:54 INFO  - jmeter.engine.StandardJMeterEngine: Starting ThreadGroup: 1 : WeiLiao_SERVER 
2014/10/21 15:28:54 INFO  - jmeter.engine.StandardJMeterEngine: Starting 1 threads for group WeiLiao_SERVER. 
2014/10/21 15:28:54 INFO  - jmeter.engine.StandardJMeterEngine: Thread will continue on error 
2014/10/21 15:28:54 INFO  - jmeter.threads.ThreadGroup: Starting thread group number 1 threads 1 ramp-up 1 perThread 1000.0 delayedStart=false 
2014/10/21 15:28:54 INFO  - jmeter.threads.ThreadGroup: Started thread group number 1 
2014/10/21 15:28:54 INFO  - jmeter.engine.StandardJMeterEngine: All thread groups have been started 
2014/10/21 15:28:54 INFO  - jmeter.threads.JMeterThread: Thread started: WeiLiao_SERVER 1-1 
2014/10/21 15:28:54 INFO  - jmeter.threads.JMeterThread: Thread finished: WeiLiao_SERVER 1-1 
2014/10/21 15:28:54 INFO  - jmeter.engine.StandardJMeterEngine: Notifying test listeners of end of test 
2014/10/21 15:28:54 INFO  - jmeter.gui.util.JMeterMenuBar: setRunning(false,*local*) 
2014/10/21 15:29:25 INFO  - jmeter.engine.StandardJMeterEngine: Running the test! 
2014/10/21 15:29:25 INFO  - jmeter.gui.util.JMeterMenuBar: setRunning(true,*local*) 
2014/10/21 15:29:25 INFO  - jmeter.engine.StandardJMeterEngine: Starting ThreadGroup: 1 : WeiLiao_SERVER 
2014/10/21 15:29:25 INFO  - jmeter.engine.StandardJMeterEngine: Starting 1 threads for group WeiLiao_SERVER. 
2014/10/21 15:29:25 INFO  - jmeter.engine.StandardJMeterEngine: Thread will continue on error 
2014/10/21 15:29:25 INFO  - jmeter.threads.ThreadGroup: Starting thread group number 1 threads 1 ramp-up 1 perThread 1000.0 delayedStart=false 
2014/10/21 15:29:25 INFO  - jmeter.threads.ThreadGroup: Started thread group number 1 
2014/10/21 15:29:25 INFO  - jmeter.engine.StandardJMeterEngine: All thread groups have been started 
2014/10/21 15:29:25 INFO  - jmeter.threads.JMeterThread: Thread started: WeiLiao_SERVER 1-1 
2014/10/21 15:29:25 INFO  - jmeter.threads.JMeterThread: Thread finished: WeiLiao_SERVER 1-1 
2014/10/21 15:29:25 INFO  - jmeter.engine.StandardJMeterEngine: Notifying test listeners of end of test 
2014/10/21 15:29:25 INFO  - jmeter.gui.util.JMeterMenuBar: setRunning(false,*local*) 
2014/10/21 15:31:36 INFO  - jmeter.engine.StandardJMeterEngine: Running the test! 
2014/10/21 15:31:36 INFO  - jmeter.gui.util.JMeterMenuBar: setRunning(true,*local*) 
2014/10/21 15:31:36 INFO  - jmeter.engine.StandardJMeterEngine: Starting ThreadGroup: 1 : WeiLiao_SERVER 
2014/10/21 15:31:36 INFO  - jmeter.engine.StandardJMeterEngine: Starting 1 threads for group WeiLiao_SERVER. 
2014/10/21 15:31:36 INFO  - jmeter.engine.StandardJMeterEngine: Thread will continue on error 
2014/10/21 15:31:36 INFO  - jmeter.threads.ThreadGroup: Starting thread group number 1 threads 1 ramp-up 1 perThread 1000.0 delayedStart=false 
2014/10/21 15:31:36 INFO  - jmeter.threads.ThreadGroup: Started thread group number 1 
2014/10/21 15:31:36 INFO  - jmeter.engine.StandardJMeterEngine: All thread groups have been started 
2014/10/21 15:31:36 INFO  - jmeter.threads.JMeterThread: Thread started: WeiLiao_SERVER 1-1 
2014/10/21 15:31:36 INFO  - jmeter.threads.JMeterThread: Thread finished: WeiLiao_SERVER 1-1 
2014/10/21 15:31:36 INFO  - jmeter.engine.StandardJMeterEngine: Notifying test listeners of end of test 
2014/10/21 15:31:36 INFO  - jmeter.gui.util.JMeterMenuBar: setRunning(false,*local*) 
2014/10/21 15:32:00 INFO  - jmeter.engine.StandardJMeterEngine: Running the test! 
2014/10/21 15:32:00 INFO  - jmeter.gui.util.JMeterMenuBar: setRunning(true,*local*) 
2014/10/21 15:32:00 INFO  - jmeter.engine.StandardJMeterEngine: Starting ThreadGroup: 1 : WeiLiao_SERVER 
2014/10/21 15:32:00 INFO  - jmeter.engine.StandardJMeterEngine: Starting 1 threads for group WeiLiao_SERVER. 
2014/10/21 15:32:00 INFO  - jmeter.engine.StandardJMeterEngine: Thread will continue on error 
2014/10/21 15:32:00 INFO  - jmeter.threads.ThreadGroup: Starting thread group number 1 threads 1 ramp-up 1 perThread 1000.0 delayedStart=false 
2014/10/21 15:32:00 INFO  - jmeter.threads.ThreadGroup: Started thread group number 1 
2014/10/21 15:32:00 INFO  - jmeter.engine.StandardJMeterEngine: All thread groups have been started 
2014/10/21 15:32:00 INFO  - jmeter.threads.JMeterThread: Thread started: WeiLiao_SERVER 1-1 
2014/10/21 15:32:00 INFO  - jmeter.threads.JMeterThread: Thread finished: WeiLiao_SERVER 1-1 
2014/10/21 15:32:00 INFO  - jmeter.engine.StandardJMeterEngine: Notifying test listeners of end of test 
2014/10/21 15:32:00 INFO  - jmeter.gui.util.JMeterMenuBar: setRunning(false,*local*) 
2014/10/21 15:34:05 INFO  - jmeter.engine.StandardJMeterEngine: Running the test! 
2014/10/21 15:34:05 INFO  - jmeter.gui.util.JMeterMenuBar: setRunning(true,*local*) 
2014/10/21 15:34:06 INFO  - jmeter.engine.StandardJMeterEngine: Starting ThreadGroup: 1 : WeiLiao_SERVER 
2014/10/21 15:34:06 INFO  - jmeter.engine.StandardJMeterEngine: Starting 1 threads for group WeiLiao_SERVER. 
2014/10/21 15:34:06 INFO  - jmeter.engine.StandardJMeterEngine: Thread will continue on error 
2014/10/21 15:34:06 INFO  - jmeter.threads.ThreadGroup: Starting thread group number 1 threads 1 ramp-up 1 perThread 1000.0 delayedStart=false 
2014/10/21 15:34:06 INFO  - jmeter.threads.ThreadGroup: Started thread group number 1 
2014/10/21 15:34:06 INFO  - jmeter.engine.StandardJMeterEngine: All thread groups have been started 
2014/10/21 15:34:06 INFO  - jmeter.threads.JMeterThread: Thread started: WeiLiao_SERVER 1-1 
2014/10/21 15:34:06 INFO  - jmeter.threads.JMeterThread: Thread finished: WeiLiao_SERVER 1-1 
2014/10/21 15:34:06 INFO  - jmeter.engine.StandardJMeterEngine: Notifying test listeners of end of test 
2014/10/21 15:34:06 INFO  - jmeter.gui.util.JMeterMenuBar: setRunning(false,*local*) 
2014/10/21 16:31:59 INFO  - jmeter.engine.StandardJMeterEngine: Running the test! 
2014/10/21 16:31:59 INFO  - jmeter.gui.util.JMeterMenuBar: setRunning(true,*local*) 
2014/10/21 16:32:00 INFO  - jmeter.engine.StandardJMeterEngine: Starting ThreadGroup: 1 : WeiLiao_SERVER 
2014/10/21 16:32:00 INFO  - jmeter.engine.StandardJMeterEngine: Starting 1 threads for group WeiLiao_SERVER. 
2014/10/21 16:32:00 INFO  - jmeter.engine.StandardJMeterEngine: Thread will continue on error 
2014/10/21 16:32:00 INFO  - jmeter.threads.ThreadGroup: Starting thread group number 1 threads 1 ramp-up 1 perThread 1000.0 delayedStart=false 
2014/10/21 16:32:00 INFO  - jmeter.threads.ThreadGroup: Started thread group number 1 
2014/10/21 16:32:00 INFO  - jmeter.engine.StandardJMeterEngine: All thread groups have been started 
2014/10/21 16:32:00 INFO  - jmeter.threads.JMeterThread: Thread started: WeiLiao_SERVER 1-1 
2014/10/21 16:32:00 INFO  - jmeter.threads.JMeterThread: Thread finished: WeiLiao_SERVER 1-1 
2014/10/21 16:32:00 INFO  - jmeter.engine.StandardJMeterEngine: Notifying test listeners of end of test 
2014/10/21 16:32:00 INFO  - jmeter.gui.util.JMeterMenuBar: setRunning(false,*local*) 
2014/10/21 16:34:25 INFO  - jmeter.engine.StandardJMeterEngine: Running the test! 
2014/10/21 16:34:25 INFO  - jmeter.gui.util.JMeterMenuBar: setRunning(true,*local*) 
2014/10/21 16:34:25 INFO  - jmeter.engine.StandardJMeterEngine: Starting ThreadGroup: 1 : WeiLiao_SERVER 
2014/10/21 16:34:25 INFO  - jmeter.engine.StandardJMeterEngine: Starting 1 threads for group WeiLiao_SERVER. 
2014/10/21 16:34:25 INFO  - jmeter.engine.StandardJMeterEngine: Thread will continue on error 
2014/10/21 16:34:25 INFO  - jmeter.threads.ThreadGroup: Starting thread group number 1 threads 1 ramp-up 1 perThread 1000.0 delayedStart=false 
2014/10/21 16:34:25 INFO  - jmeter.threads.ThreadGroup: Started thread group number 1 
2014/10/21 16:34:25 INFO  - jmeter.engine.StandardJMeterEngine: All thread groups have been started 
2014/10/21 16:34:25 INFO  - jmeter.threads.JMeterThread: Thread started: WeiLiao_SERVER 1-1 
2014/10/21 16:34:25 INFO  - jmeter.threads.JMeterThread: Thread finished: WeiLiao_SERVER 1-1 
2014/10/21 16:34:25 INFO  - jmeter.engine.StandardJMeterEngine: Notifying test listeners of end of test 
2014/10/21 16:34:25 INFO  - jmeter.gui.util.JMeterMenuBar: setRunning(false,*local*) 
